TN:
SF:src\middlewares\db.ts
FN:41,(anonymous_1)
FN:45,(anonymous_2)
FN:49,(anonymous_3)
FN:53,(anonymous_4)
FN:57,(anonymous_5)
FN:63,checkPoolHealth
FN:77,initDatabase
FNF:7
FNH:0
FNDA:0,(anonymous_1)
FNDA:0,(anonymous_2)
FNDA:0,(anonymous_3)
FNDA:0,(anonymous_4)
FNDA:0,(anonymous_5)
FNDA:0,checkPoolHealth
FNDA:0,initDatabase
DA:3,1
DA:4,1
DA:5,1
DA:6,1
DA:7,1
DA:9,1
DA:10,1
DA:11,0
DA:13,1
DA:19,1
DA:38,1
DA:41,1
DA:42,0
DA:45,1
DA:46,0
DA:49,1
DA:50,0
DA:53,1
DA:54,0
DA:57,1
DA:58,0
DA:64,0
DA:65,0
DA:66,0
DA:67,0
DA:68,0
DA:70,0
DA:71,0
DA:78,0
DA:79,0
DA:80,0
DA:85,0
DA:86,0
DA:87,0
DA:88,0
DA:89,0
DA:90,0
DA:93,0
DA:94,0
DA:99,0
DA:108,0
DA:111,0
DA:113,0
DA:114,0
DA:115,0
DA:117,0
DA:118,0
DA:119,0
DA:121,0
DA:125,0
DA:126,0
DA:127,0
DA:129,0
DA:130,0
DA:131,0
DA:133,0
DA:138,0
DA:139,0
DA:141,0
DA:145,0
DA:152,0
DA:157,0
DA:158,0
DA:161,0
DA:173,0
DA:176,0
DA:177,0
DA:178,0
DA:180,0
DA:181,0
DA:182,0
DA:184,0
DA:187,0
DA:188,0
DA:189,0
DA:191,0
DA:192,0
DA:193,0
DA:195,0
DA:198,0
DA:199,0
DA:200,0
DA:202,0
DA:203,0
DA:204,0
DA:206,0
DA:209,0
DA:210,0
DA:211,0
DA:213,0
DA:214,0
DA:215,0
DA:217,0
DA:220,0
DA:221,0
DA:222,0
DA:224,0
DA:225,0
DA:226,0
DA:228,0
DA:232,0
DA:241,0
DA:244,0
DA:255,0
DA:258,0
DA:266,0
DA:269,0
DA:278,0
DA:285,0
DA:289,1
LF:110
LH:16
BRDA:10,0,0,0
BRDA:10,0,1,1
BRDA:25,1,0,1
BRDA:25,1,1,1
BRDA:26,2,0,1
BRDA:26,2,1,1
BRDA:27,3,0,1
BRDA:27,3,1,1
BRDA:28,4,0,1
BRDA:28,4,1,1
BRDA:66,5,0,0
BRDA:66,5,1,0
BRDA:93,6,0,0
BRDA:93,6,1,0
BRDA:118,7,0,0
BRDA:118,7,1,0
BRDA:130,8,0,0
BRDA:130,8,1,0
BRDA:181,9,0,0
BRDA:181,9,1,0
BRDA:192,10,0,0
BRDA:192,10,1,0
BRDA:203,11,0,0
BRDA:203,11,1,0
BRDA:214,12,0,0
BRDA:214,12,1,0
BRDA:225,13,0,0
BRDA:225,13,1,0
BRDA:225,14,0,0
BRDA:225,14,1,0
BRF:30
BRH:9
end_of_record
TN:
SF:src\repositories\CommentRepository.ts
FN:16,(anonymous_1)
FN:35,(anonymous_2)
FN:59,(anonymous_3)
FN:85,(anonymous_4)
FN:111,(anonymous_5)
FN:129,(anonymous_6)
FN:145,(anonymous_7)
FN:163,(anonymous_8)
FN:180,(anonymous_9)
FN:201,(anonymous_10)
FN:225,(anonymous_11)
FN:251,(anonymous_12)
FNF:12
FNH:0
FNDA:0,(anonymous_1)
FNDA:0,(anonymous_2)
FNDA:0,(anonymous_3)
FNDA:0,(anonymous_4)
FNDA:0,(anonymous_5)
FNDA:0,(anonymous_6)
FNDA:0,(anonymous_7)
FNDA:0,(anonymous_8)
FNDA:0,(anonymous_9)
FNDA:0,(anonymous_10)
FNDA:0,(anonymous_11)
FNDA:0,(anonymous_12)
DA:6,1
DA:8,1
DA:10,1
DA:17,0
DA:18,0
DA:22,0
DA:23,0
DA:25,0
DA:26,0
DA:36,0
DA:37,0
DA:44,0
DA:45,0
DA:47,0
DA:48,0
DA:60,0
DA:61,0
DA:70,0
DA:71,0
DA:73,0
DA:74,0
DA:86,0
DA:87,0
DA:97,0
DA:98,0
DA:100,0
DA:101,0
DA:112,0
DA:113,0
DA:117,0
DA:119,0
DA:120,0
DA:130,0
DA:131,0
DA:132,0
DA:133,0
DA:135,0
DA:136,0
DA:146,0
DA:147,0
DA:151,0
DA:152,0
DA:154,0
DA:155,0
DA:164,0
DA:165,0
DA:166,0
DA:167,0
DA:169,0
DA:170,0
DA:181,0
DA:182,0
DA:186,0
DA:187,0
DA:188,0
DA:190,0
DA:191,0
DA:202,0
DA:203,0
DA:210,0
DA:211,0
DA:212,0
DA:213,0
DA:215,0
DA:216,0
DA:226,0
DA:227,0
DA:236,0
DA:237,0
DA:239,0
DA:240,0
DA:252,0
DA:253,0
DA:254,0
DA:264,0
DA:265,0
DA:267,0
DA:268,0
LF:78
LH:3
BRDA:45,0,0,0
BRDA:45,0,1,0
BRDA:45,1,0,0
BRDA:45,1,1,0
BRDA:59,2,0,0
BRDA:59,3,0,0
BRDA:85,4,0,0
BRDA:85,5,0,0
BRDA:152,6,0,0
BRDA:152,6,1,0
BRDA:187,7,0,0
BRDA:187,7,1,0
BRDA:187,8,0,0
BRDA:187,8,1,0
BRDA:211,9,0,0
BRDA:211,9,1,0
BRDA:211,10,0,0
BRDA:211,10,1,0
BRDA:213,11,0,0
BRDA:213,11,1,0
BRDA:225,12,0,0
BRDA:251,13,0,0
BRDA:251,14,0,0
BRF:23
BRH:0
end_of_record
TN:
SF:src\repositories\FeedRepository.ts
FN:13,(anonymous_10)
FN:38,(anonymous_11)
FN:62,(anonymous_12)
FN:87,(anonymous_13)
FN:111,(anonymous_14)
FN:131,(anonymous_15)
FN:148,(anonymous_16)
FN:162,(anonymous_17)
FN:179,(anonymous_18)
FN:204,(anonymous_19)
FN:245,(anonymous_20)
FN:277,(anonymous_21)
FN:296,(anonymous_22)
FN:316,(anonymous_23)
FN:322,(anonymous_24)
FN:335,(anonymous_25)
FNF:16
FNH:0
FNDA:0,(anonymous_10)
FNDA:0,(anonymous_11)
FNDA:0,(anonymous_12)
FNDA:0,(anonymous_13)
FNDA:0,(anonymous_14)
FNDA:0,(anonymous_15)
FNDA:0,(anonymous_16)
FNDA:0,(anonymous_17)
FNDA:0,(anonymous_18)
FNDA:0,(anonymous_19)
FNDA:0,(anonymous_20)
FNDA:0,(anonymous_21)
FNDA:0,(anonymous_22)
FNDA:0,(anonymous_23)
FNDA:0,(anonymous_24)
FNDA:0,(anonymous_25)
DA:2,1
DA:4,1
DA:6,1
DA:14,0
DA:15,0
DA:23,0
DA:24,0
DA:26,0
DA:27,0
DA:39,0
DA:40,0
DA:49,0
DA:50,0
DA:52,0
DA:53,0
DA:63,0
DA:64,0
DA:71,0
DA:72,0
DA:73,0
DA:74,0
DA:76,0
DA:77,0
DA:88,0
DA:89,0
DA:90,0
DA:91,0
DA:95,0
DA:96,0
DA:98,0
DA:99,0
DA:112,0
DA:113,0
DA:117,0
DA:118,0
DA:120,0
DA:121,0
DA:132,0
DA:133,0
DA:137,0
DA:139,0
DA:140,0
DA:149,0
DA:150,0
DA:151,0
DA:153,0
DA:154,0
DA:163,0
DA:164,0
DA:165,0
DA:167,0
DA:168,0
DA:180,0
DA:181,0
DA:182,0
DA:192,0
DA:193,0
DA:195,0
DA:196,0
DA:210,0
DA:211,0
DA:214,0
DA:217,0
DA:220,0
DA:228,0
DA:229,0
DA:236,0
DA:237,0
DA:246,0
DA:247,0
DA:248,0
DA:249,0
DA:252,0
DA:253,0
DA:257,0
DA:258,0
DA:259,0
DA:261,0
DA:262,0
DA:265,0
DA:266,0
DA:268,0
DA:269,0
DA:278,0
DA:279,0
DA:284,0
DA:285,0
DA:287,0
DA:288,0
DA:297,0
DA:298,0
DA:301,0
DA:302,0
DA:304,0
DA:305,0
DA:318,0
DA:319,0
DA:323,0
DA:325,0
DA:327,0
DA:333,0
DA:334,0
DA:335,0
DA:336,0
DA:337,0
DA:338,0
DA:342,0
DA:344,0
DA:361,0
DA:362,0
DA:365,0
DA:368,0
LF:112
LH:3
BRDA:13,0,0,0
BRDA:13,1,0,0
BRDA:38,2,0,0
BRDA:38,3,0,0
BRDA:72,4,0,0
BRDA:72,4,1,0
BRDA:74,5,0,0
BRDA:74,5,1,0
BRDA:179,6,0,0
BRDA:179,7,0,0
BRDA:230,8,0,0
BRDA:230,8,1,0
BRDA:231,9,0,0
BRDA:231,9,1,0
BRDA:232,10,0,0
BRDA:232,10,1,0
BRDA:233,11,0,0
BRDA:233,11,1,0
BRDA:233,12,0,0
BRDA:233,12,1,0
BRDA:257,13,0,0
BRDA:257,13,1,0
BRDA:316,14,0,0
BRDA:316,15,0,0
BRDA:334,16,0,0
BRDA:334,16,1,0
BRDA:338,17,0,0
BRDA:338,17,1,0
BRDA:342,18,0,0
BRDA:342,18,1,0
BRDA:352,19,0,0
BRDA:352,19,1,0
BRDA:356,20,0,0
BRDA:356,20,1,0
BRDA:361,21,0,0
BRDA:361,21,1,0
BRF:36
BRH:0
end_of_record
TN:
SF:src\repositories\PrivateMessageRepository.ts
FN:15,(anonymous_1)
FN:44,(anonymous_2)
FN:66,(anonymous_3)
FN:84,(anonymous_4)
FNF:4
FNH:0
FNDA:0,(anonymous_1)
FNDA:0,(anonymous_2)
FNDA:0,(anonymous_3)
FNDA:0,(anonymous_4)
DA:2,1
DA:4,1
DA:6,1
DA:16,0
DA:17,0
DA:43,0
DA:44,0
DA:54,0
DA:55,0
DA:67,0
DA:68,0
DA:72,0
DA:73,0
DA:75,0
DA:76,0
DA:85,0
DA:86,0
DA:87,0
DA:89,0
DA:90,0
LF:20
LH:3
BRDA:15,0,0,0
BRDA:15,1,0,0
BRF:2
BRH:0
end_of_record
TN:
SF:src\repositories\PublicacionRepository.ts
FN:26,(anonymous_1)
FN:45,(anonymous_2)
FN:66,(anonymous_3)
FN:86,(anonymous_4)
FN:105,(anonymous_5)
FN:134,(anonymous_6)
FNF:6
FNH:0
FNDA:0,(anonymous_1)
FNDA:0,(anonymous_2)
FNDA:0,(anonymous_3)
FNDA:0,(anonymous_4)
FNDA:0,(anonymous_5)
FNDA:0,(anonymous_6)
DA:2,1
DA:3,1
DA:19,1
DA:27,0
DA:28,0
DA:32,0
DA:33,0
DA:35,0
DA:36,0
DA:46,0
DA:47,0
DA:51,0
DA:52,0
DA:54,0
DA:55,0
DA:67,0
DA:68,0
DA:72,0
DA:73,0
DA:75,0
DA:76,0
DA:87,0
DA:88,0
DA:92,0
DA:93,0
DA:95,0
DA:96,0
DA:106,0
DA:107,0
DA:108,0
DA:109,0
DA:110,0
DA:112,0
DA:113,0
DA:114,0
DA:116,0
DA:117,0
DA:118,0
DA:119,0
DA:123,0
DA:125,0
DA:126,0
DA:135,0
DA:136,0
DA:137,0
DA:139,0
DA:140,0
LF:47
LH:3
BRDA:52,0,0,0
BRDA:52,0,1,0
BRDA:52,1,0,0
BRDA:52,1,1,0
BRDA:66,2,0,0
BRDA:66,3,0,0
BRDA:86,4,0,0
BRDA:86,5,0,0
BRDA:108,6,0,0
BRDA:108,6,1,0
BRDA:112,7,0,0
BRDA:112,7,1,0
BRDA:116,8,0,0
BRDA:116,8,1,0
BRF:14
BRH:0
end_of_record
TN:
SF:src\services\CacheInvalidationService.ts
FN:53,(anonymous_1)
FN:152,(anonymous_2)
FN:184,(anonymous_3)
FN:187,(anonymous_4)
FN:190,(anonymous_5)
FN:193,(anonymous_6)
FN:195,(anonymous_7)
FN:202,(anonymous_8)
FN:274,(anonymous_9)
FN:281,(anonymous_10)
FN:292,(anonymous_11)
FN:299,(anonymous_12)
FN:306,(anonymous_13)
FNF:13
FNH:0
FNDA:0,(anonymous_1)
FNDA:0,(anonymous_2)
FNDA:0,(anonymous_3)
FNDA:0,(anonymous_4)
FNDA:0,(anonymous_5)
FNDA:0,(anonymous_6)
FNDA:0,(anonymous_7)
FNDA:0,(anonymous_8)
FNDA:0,(anonymous_9)
FNDA:0,(anonymous_10)
FNDA:0,(anonymous_11)
FNDA:0,(anonymous_12)
FNDA:0,(anonymous_13)
DA:1,1
DA:3,1
DA:4,1
DA:33,1
DA:47,1
DA:48,1
DA:57,0
DA:64,0
DA:65,0
DA:67,0
DA:75,0
DA:77,0
DA:78,0
DA:85,0
DA:86,0
DA:88,0
DA:94,0
DA:95,0
DA:96,0
DA:97,0
DA:101,0
DA:102,0
DA:104,0
DA:110,0
DA:111,0
DA:112,0
DA:117,0
DA:118,0
DA:122,0
DA:132,0
DA:133,0
DA:134,0
DA:136,0
DA:143,0
DA:146,0
DA:153,0
DA:178,0
DA:185,0
DA:186,0
DA:187,0
DA:188,0
DA:189,0
DA:190,0
DA:191,0
DA:192,0
DA:193,0
DA:195,0
DA:206,0
DA:208,0
DA:214,0
DA:216,0
DA:219,0
DA:221,0
DA:222,0
DA:231,0
DA:232,0
DA:238,0
DA:239,0
DA:246,0
DA:247,0
DA:253,0
DA:260,0
DA:261,0
DA:263,0
DA:275,0
DA:282,0
DA:286,0
DA:293,0
DA:300,0
DA:307,0
DA:308,0
DA:309,0
DA:311,0
DA:316,0
DA:322,1
LF:75
LH:7
BRDA:55,0,0,0
BRDA:65,1,0,0
BRDA:65,2,0,0
BRDA:65,3,0,0
BRDA:96,4,0,0
BRDA:96,4,1,0
BRDA:117,5,0,0
BRDA:117,5,1,0
BRDA:117,6,0,0
BRDA:117,6,1,0
BRDA:185,7,0,0
BRDA:185,7,1,0
BRDA:185,8,0,0
BRDA:185,8,1,0
BRDA:188,9,0,0
BRDA:188,9,1,0
BRDA:191,10,0,0
BRDA:191,10,1,0
BRDA:219,11,0,0
BRDA:219,11,1,0
BRDA:227,12,0,0
BRDA:227,12,1,0
BRF:22
BRH:0
end_of_record
TN:
SF:src\services\CacheService.ts
FN:19,(anonymous_1)
FN:38,(anonymous_2)
FN:43,(anonymous_3)
FN:53,(anonymous_4)
FN:64,(anonymous_5)
FN:73,(anonymous_6)
FN:79,(anonymous_7)
FN:89,(anonymous_8)
FN:99,(anonymous_9)
FNF:9
FNH:0
FNDA:0,(anonymous_1)
FNDA:0,(anonymous_2)
FNDA:0,(anonymous_3)
FNDA:0,(anonymous_4)
FNDA:0,(anonymous_5)
FNDA:0,(anonymous_6)
FNDA:0,(anonymous_7)
FNDA:0,(anonymous_8)
FNDA:0,(anonymous_9)
DA:1,1
DA:9,1
DA:10,1
DA:11,1
DA:20,0
DA:21,0
DA:22,0
DA:24,0
DA:25,0
DA:26,0
DA:29,0
DA:39,0
DA:40,0
DA:42,0
DA:43,0
DA:44,0
DA:47,0
DA:54,0
DA:55,0
DA:56,0
DA:57,0
DA:65,0
DA:67,0
DA:68,0
DA:69,0
DA:73,0
DA:80,0
DA:81,0
DA:83,0
DA:90,0
DA:100,0
DA:101,0
DA:103,0
DA:104,0
DA:105,0
DA:108,0
DA:113,1
LF:37
LH:5
BRDA:22,0,0,0
BRDA:22,0,1,0
BRDA:24,1,0,0
BRDA:24,1,1,0
BRDA:38,2,0,0
BRDA:55,3,0,0
BRDA:55,3,1,0
BRDA:68,4,0,0
BRDA:68,4,1,0
BRDA:101,5,0,0
BRDA:101,5,1,0
BRDA:103,6,0,0
BRDA:103,6,1,0
BRF:13
BRH:0
end_of_record
TN:
SF:src\services\ContentUpdateService.ts
FN:50,(anonymous_1)
FN:60,(anonymous_2)
FN:109,(anonymous_3)
FN:132,(anonymous_4)
FN:161,(anonymous_5)
FN:168,(anonymous_6)
FN:228,(anonymous_7)
FN:294,(anonymous_8)
FN:330,(anonymous_9)
FN:390,(anonymous_10)
FN:442,(anonymous_11)
FN:478,(anonymous_12)
FN:490,(anonymous_13)
FNF:13
FNH:0
FNDA:0,(anonymous_1)
FNDA:0,(anonymous_2)
FNDA:0,(anonymous_3)
FNDA:0,(anonymous_4)
FNDA:0,(anonymous_5)
FNDA:0,(anonymous_6)
FNDA:0,(anonymous_7)
FNDA:0,(anonymous_8)
FNDA:0,(anonymous_9)
FNDA:0,(anonymous_10)
FNDA:0,(anonymous_11)
FNDA:0,(anonymous_12)
FNDA:0,(anonymous_13)
DA:1,1
DA:2,1
DA:3,1
DA:4,1
DA:5,1
DA:6,1
DA:7,1
DA:44,1
DA:51,0
DA:52,0
DA:53,0
DA:54,0
DA:61,0
DA:67,0
DA:79,0
DA:81,0
DA:84,0
DA:87,0
DA:88,0
DA:89,0
DA:90,0
DA:92,0
DA:98,0
DA:101,0
DA:102,0
DA:110,0
DA:111,0
DA:114,0
DA:115,0
DA:118,0
DA:119,0
DA:123,0
DA:124,0
DA:125,0
DA:133,0
DA:134,0
DA:136,0
DA:162,0
DA:173,0
DA:174,0
DA:177,0
DA:183,0
DA:185,0
DA:186,0
DA:187,0
DA:188,0
DA:191,0
DA:192,0
DA:196,0
DA:197,0
DA:198,0
DA:203,0
DA:204,0
DA:207,0
DA:209,0
DA:214,0
DA:218,0
DA:220,0
DA:221,0
DA:233,0
DA:234,0
DA:237,0
DA:249,0
DA:251,0
DA:252,0
DA:253,0
DA:254,0
DA:257,0
DA:258,0
DA:259,0
DA:260,0
DA:262,0
DA:263,0
DA:264,0
DA:269,0
DA:270,0
DA:271,0
DA:272,0
DA:274,0
DA:275,0
DA:276,0
DA:281,0
DA:282,0
DA:283,0
DA:284,0
DA:286,0
DA:287,0
DA:288,0
DA:293,0
DA:294,0
DA:295,0
DA:296,0
DA:298,0
DA:304,0
DA:305,0
DA:306,0
DA:309,0
DA:311,0
DA:316,0
DA:320,0
DA:322,0
DA:323,0
DA:335,0
DA:336,0
DA:339,0
DA:345,0
DA:347,0
DA:348,0
DA:349,0
DA:350,0
DA:353,0
DA:354,0
DA:358,0
DA:359,0
DA:360,0
DA:365,0
DA:366,0
DA:369,0
DA:371,0
DA:376,0
DA:380,0
DA:382,0
DA:383,0
DA:395,0
DA:396,0
DA:399,0
DA:409,0
DA:411,0
DA:412,0
DA:413,0
DA:414,0
DA:417,0
DA:418,0
DA:419,0
DA:420,0
DA:422,0
DA:423,0
DA:424,0
DA:429,0
DA:430,0
DA:431,0
DA:432,0
DA:434,0
DA:435,0
DA:436,0
DA:441,0
DA:442,0
DA:443,0
DA:444,0
DA:446,0
DA:452,0
DA:453,0
DA:454,0
DA:457,0
DA:459,0
DA:464,0
DA:468,0
DA:470,0
DA:471,0
DA:479,0
DA:484,0
DA:497,0
DA:499,0
DA:500,0
DA:503,0
DA:509,0
DA:521,0
DA:527,0
DA:537,0
DA:548,0
DA:549,0
DA:552,0
DA:553,0
LF:173
LH:8
BRDA:110,0,0,0
BRDA:110,0,1,0
BRDA:110,1,0,0
BRDA:110,1,1,0
BRDA:114,2,0,0
BRDA:114,2,1,0
BRDA:118,3,0,0
BRDA:118,3,1,0
BRDA:118,4,0,0
BRDA:118,4,1,0
BRDA:124,5,0,0
BRDA:124,5,1,0
BRDA:124,6,0,0
BRDA:124,6,1,0
BRDA:133,7,0,0
BRDA:134,8,0,0
BRDA:134,8,1,0
BRDA:196,9,0,0
BRDA:196,9,1,0
BRDA:197,10,0,0
BRDA:197,10,1,0
BRDA:212,11,0,0
BRDA:212,11,1,0
BRDA:257,12,0,0
BRDA:257,12,1,0
BRDA:262,13,0,0
BRDA:262,13,1,0
BRDA:269,14,0,0
BRDA:269,14,1,0
BRDA:274,15,0,0
BRDA:274,15,1,0
BRDA:281,16,0,0
BRDA:281,16,1,0
BRDA:286,17,0,0
BRDA:286,17,1,0
BRDA:293,18,0,0
BRDA:293,18,1,0
BRDA:293,19,0,0
BRDA:293,19,1,0
BRDA:304,20,0,0
BRDA:304,20,1,0
BRDA:314,21,0,0
BRDA:314,21,1,0
BRDA:358,22,0,0
BRDA:358,22,1,0
BRDA:359,23,0,0
BRDA:359,23,1,0
BRDA:374,24,0,0
BRDA:374,24,1,0
BRDA:417,25,0,0
BRDA:417,25,1,0
BRDA:422,26,0,0
BRDA:422,26,1,0
BRDA:429,27,0,0
BRDA:429,27,1,0
BRDA:434,28,0,0
BRDA:434,28,1,0
BRDA:441,29,0,0
BRDA:441,29,1,0
BRDA:441,30,0,0
BRDA:441,30,1,0
BRDA:452,31,0,0
BRDA:452,31,1,0
BRDA:462,32,0,0
BRDA:462,32,1,0
BRDA:538,33,0,0
BRDA:538,33,1,0
BRDA:539,34,0,0
BRDA:539,34,1,0
BRDA:540,35,0,0
BRDA:540,35,1,0
BRDA:541,36,0,0
BRDA:541,36,1,0
BRDA:542,37,0,0
BRDA:542,37,1,0
BRDA:543,38,0,0
BRDA:543,38,1,0
BRDA:544,39,0,0
BRDA:544,39,1,0
BRDA:545,40,0,0
BRDA:545,40,1,0
BRF:81
BRH:0
end_of_record
TN:
SF:src\services\UsernameUpdateService.ts
FN:68,(anonymous_1)
FN:76,(anonymous_2)
FN:310,(anonymous_3)
FN:363,(anonymous_4)
FN:398,(anonymous_5)
FN:432,(anonymous_6)
FN:452,(anonymous_7)
FN:479,(anonymous_8)
FN:535,(anonymous_9)
FN:569,(anonymous_10)
FNF:10
FNH:8
FNDA:35,(anonymous_1)
FNDA:21,(anonymous_2)
FNDA:4,(anonymous_3)
FNDA:8,(anonymous_4)
FNDA:25,(anonymous_5)
FNDA:21,(anonymous_6)
FNDA:0,(anonymous_7)
FNDA:0,(anonymous_8)
FNDA:1,(anonymous_9)
FNDA:1,(anonymous_10)
DA:1,1
DA:2,1
DA:3,1
DA:4,1
DA:5,1
DA:6,1
DA:64,1
DA:69,35
DA:70,35
DA:77,21
DA:78,21
DA:90,21
DA:97,21
DA:99,21
DA:101,21
DA:102,20
DA:103,1
DA:106,19
DA:109,19
DA:110,2
DA:111,2
DA:112,2
DA:113,2
DA:117,17
DA:120,0
DA:121,0
DA:122,0
DA:124,0
DA:133,0
DA:134,0
DA:135,0
DA:141,0
DA:143,0
DA:151,0
DA:152,0
DA:153,0
DA:158,0
DA:159,0
DA:160,0
DA:162,0
DA:170,0
DA:171,0
DA:172,0
DA:177,0
DA:178,0
DA:179,0
DA:185,0
DA:194,0
DA:195,0
DA:196,0
DA:201,0
DA:202,0
DA:203,0
DA:210,0
DA:216,0
DA:221,0
DA:228,0
DA:229,0
DA:230,0
DA:235,0
DA:236,0
DA:238,0
DA:246,0
DA:250,19
DA:252,19
DA:253,1
DA:255,18
DA:259,19
DA:260,0
DA:261,0
DA:262,0
DA:264,0
DA:271,0
DA:280,19
DA:289,21
DA:290,0
DA:293,21
DA:295,21
DA:304,19
DA:311,4
DA:317,4
DA:333,4
DA:335,4
DA:336,4
DA:337,0
DA:338,0
DA:341,4
DA:344,4
DA:345,4
DA:346,0
DA:348,4
DA:349,4
DA:353,4
DA:354,4
DA:355,3
DA:357,1
DA:361,4
DA:362,4
DA:363,4
DA:364,8
DA:367,2
DA:370,4
DA:381,1
DA:382,1
DA:384,1
DA:392,4
DA:399,25
DA:400,25
DA:405,24
DA:406,1
DA:409,23
DA:410,23
DA:420,1
DA:425,1
DA:434,21
DA:436,21
DA:437,1
DA:441,0
DA:442,0
DA:457,0
DA:460,0
DA:465,0
DA:466,0
DA:470,0
DA:484,0
DA:485,0
DA:487,0
DA:489,0
DA:498,0
DA:501,0
DA:510,0
DA:512,0
DA:520,0
DA:526,0
DA:529,0
DA:541,1
DA:544,1
DA:549,1
DA:557,0
DA:562,0
DA:570,1
DA:571,1
DA:575,1
DA:577,1
DA:582,1
DA:585,0
DA:589,0
DA:595,1
LF:148
LH:78
BRDA:102,0,0,1
BRDA:102,0,1,19
BRDA:109,1,0,2
BRDA:109,1,1,17
BRDA:120,2,0,0
BRDA:120,2,1,0
BRDA:133,3,0,0
BRDA:133,3,1,0
BRDA:151,4,0,0
BRDA:151,4,1,0
BRDA:158,5,0,0
BRDA:158,5,1,0
BRDA:177,6,0,0
BRDA:177,6,1,0
BRDA:182,7,0,0
BRDA:182,7,1,0
BRDA:201,8,0,0
BRDA:201,8,1,0
BRDA:223,9,0,0
BRDA:223,9,1,0
BRDA:228,10,0,0
BRDA:228,10,1,0
BRDA:235,11,0,0
BRDA:235,11,1,0
BRDA:235,12,0,0
BRDA:235,12,1,0
BRDA:252,13,0,1
BRDA:252,13,1,18
BRDA:259,14,0,0
BRDA:259,14,1,19
BRDA:259,15,0,19
BRDA:259,15,1,0
BRDA:266,16,0,0
BRDA:266,16,1,0
BRDA:273,17,0,0
BRDA:273,17,1,0
BRDA:274,18,0,0
BRDA:274,18,1,0
BRDA:283,19,0,19
BRDA:283,19,1,0
BRDA:289,20,0,0
BRDA:289,20,1,21
BRDA:336,21,0,0
BRDA:336,21,1,4
BRDA:348,22,0,4
BRDA:348,22,1,0
BRDA:357,23,0,1
BRDA:357,23,1,0
BRDA:364,24,0,8
BRDA:364,24,1,5
BRDA:367,25,0,2
BRDA:367,25,1,0
BRDA:381,26,0,1
BRDA:381,26,1,0
BRDA:387,27,0,1
BRDA:387,27,1,0
BRDA:405,28,0,1
BRDA:405,28,1,23
BRDA:422,29,0,1
BRDA:422,29,1,0
BRDA:436,30,0,1
BRDA:436,30,1,0
BRDA:436,31,0,21
BRDA:436,31,1,1
BRDA:436,31,2,1
BRDA:441,32,0,0
BRDA:441,32,1,0
BRDA:457,33,0,0
BRDA:457,33,1,0
BRDA:465,34,0,0
BRDA:465,34,1,0
BRDA:484,35,0,0
BRDA:484,35,1,0
BRDA:523,36,0,0
BRDA:523,36,1,0
BRDA:552,37,0,1
BRDA:552,37,1,0
BRDA:559,38,0,0
BRDA:559,38,1,0
BRDA:575,39,0,1
BRDA:575,39,1,0
BRDA:586,40,0,0
BRDA:586,40,1,0
BRF:83
BRH:27
end_of_record
TN:
SF:src\services\ValidationService.ts
FN:43,(anonymous_0)
FN:70,(anonymous_1)
FN:97,(anonymous_2)
FN:125,(anonymous_3)
FN:162,(anonymous_4)
FN:193,(anonymous_5)
FN:216,(anonymous_6)
FN:217,(anonymous_7)
FNF:8
FNH:0
FNDA:0,(anonymous_0)
FNDA:0,(anonymous_1)
FNDA:0,(anonymous_2)
FNDA:0,(anonymous_3)
FNDA:0,(anonymous_4)
FNDA:0,(anonymous_5)
FNDA:0,(anonymous_6)
FNDA:0,(anonymous_7)
DA:1,1
DA:2,1
DA:42,1
DA:44,0
DA:46,0
DA:47,0
DA:50,0
DA:51,0
DA:52,0
DA:55,0
DA:56,0
DA:57,0
DA:60,0
DA:61,0
DA:64,0
DA:71,0
DA:73,0
DA:74,0
DA:77,0
DA:78,0
DA:79,0
DA:82,0
DA:83,0
DA:84,0
DA:87,0
DA:88,0
DA:91,0
DA:98,0
DA:100,0
DA:101,0
DA:104,0
DA:105,0
DA:106,0
DA:109,0
DA:110,0
DA:111,0
DA:114,0
DA:115,0
DA:118,0
DA:126,0
DA:127,0
DA:129,0
DA:130,0
DA:133,0
DA:134,0
DA:135,0
DA:136,0
DA:138,0
DA:142,0
DA:143,0
DA:144,0
DA:145,0
DA:147,0
DA:151,0
DA:152,0
DA:155,0
DA:156,0
DA:159,0
DA:163,0
DA:165,0
DA:166,0
DA:169,0
DA:170,0
DA:173,0
DA:174,0
DA:175,0
DA:178,0
DA:179,0
DA:180,0
DA:183,0
DA:184,0
DA:187,0
DA:194,0
DA:196,0
DA:197,0
DA:200,0
DA:201,0
DA:202,0
DA:205,0
DA:206,0
DA:209,0
DA:216,1
DA:217,0
DA:218,0
DA:220,0
DA:221,0
DA:229,0
DA:230,0
LF:88
LH:4
BRDA:46,0,0,0
BRDA:46,0,1,0
BRDA:46,1,0,0
BRDA:46,1,1,0
BRDA:51,2,0,0
BRDA:51,2,1,0
BRDA:56,3,0,0
BRDA:56,3,1,0
BRDA:60,4,0,0
BRDA:60,4,1,0
BRDA:73,5,0,0
BRDA:73,5,1,0
BRDA:73,6,0,0
BRDA:73,6,1,0
BRDA:78,7,0,0
BRDA:78,7,1,0
BRDA:83,8,0,0
BRDA:83,8,1,0
BRDA:87,9,0,0
BRDA:87,9,1,0
BRDA:100,10,0,0
BRDA:100,10,1,0
BRDA:100,11,0,0
BRDA:100,11,1,0
BRDA:105,12,0,0
BRDA:105,12,1,0
BRDA:110,13,0,0
BRDA:110,13,1,0
BRDA:114,14,0,0
BRDA:114,14,1,0
BRDA:129,15,0,0
BRDA:129,15,1,0
BRDA:129,16,0,0
BRDA:129,16,1,0
BRDA:133,17,0,0
BRDA:133,17,1,0
BRDA:135,18,0,0
BRDA:135,18,1,0
BRDA:142,19,0,0
BRDA:142,19,1,0
BRDA:144,20,0,0
BRDA:144,20,1,0
BRDA:151,21,0,0
BRDA:151,21,1,0
BRDA:155,22,0,0
BRDA:155,22,1,0
BRDA:165,23,0,0
BRDA:165,23,1,0
BRDA:165,24,0,0
BRDA:165,24,1,0
BRDA:169,25,0,0
BRDA:169,25,1,0
BRDA:169,26,0,0
BRDA:169,26,1,0
BRDA:174,27,0,0
BRDA:174,27,1,0
BRDA:179,28,0,0
BRDA:179,28,1,0
BRDA:179,29,0,0
BRDA:179,29,1,0
BRDA:183,30,0,0
BRDA:183,30,1,0
BRDA:196,31,0,0
BRDA:196,31,1,0
BRDA:196,32,0,0
BRDA:196,32,1,0
BRDA:201,33,0,0
BRDA:201,33,1,0
BRDA:205,34,0,0
BRDA:205,34,1,0
BRDA:220,35,0,0
BRDA:220,35,1,0
BRF:72
BRH:0
end_of_record
TN:
SF:src\types\interfaces.ts
FN:186,(anonymous_0)
FNF:1
FNH:1
FNDA:2,(anonymous_0)
DA:182,3
DA:187,2
DA:188,2
DA:189,2
DA:191,2
LF:5
LH:5
BRDA:186,0,0,2
BRF:1
BRH:1
end_of_record
TN:
SF:src\utils\logger.ts
FNF:0
FNH:0
DA:1,1
DA:3,1
DA:9,1
DA:25,1
LF:4
LH:4
BRDA:10,0,0,1
BRDA:10,0,1,1
BRF:2
BRH:2
end_of_record
TN:
SF:src\value-objects\commentText.ts
FN:7,(anonymous_0)
FN:12,(anonymous_1)
FN:29,(anonymous_2)
FN:36,(anonymous_3)
FN:43,(anonymous_4)
FNF:5
FNH:0
FNDA:0,(anonymous_0)
FNDA:0,(anonymous_1)
FNDA:0,(anonymous_2)
FNDA:0,(anonymous_3)
FNDA:0,(anonymous_4)
DA:1,1
DA:6,1
DA:7,0
DA:13,0
DA:15,0
DA:16,0
DA:19,0
DA:20,0
DA:23,0
DA:30,0
DA:37,0
DA:44,0
LF:12
LH:2
BRDA:15,0,0,0
BRDA:15,0,1,0
BRDA:19,1,0,0
BRDA:19,1,1,0
BRDA:44,2,0,0
BRDA:44,2,1,0
BRF:6
BRH:0
end_of_record
TN:
SF:src\value-objects\email.ts
FN:7,(anonymous_0)
FN:12,(anonymous_1)
FN:31,(anonymous_2)
FN:38,(anonymous_3)
FN:45,(anonymous_4)
FNF:5
FNH:0
FNDA:0,(anonymous_0)
FNDA:0,(anonymous_1)
FNDA:0,(anonymous_2)
FNDA:0,(anonymous_3)
FNDA:0,(anonymous_4)
DA:1,1
DA:6,1
DA:7,0
DA:13,0
DA:15,0
DA:16,0
DA:20,0
DA:21,0
DA:22,0
DA:25,0
DA:32,0
DA:39,0
DA:46,0
LF:13
LH:2
BRDA:15,0,0,0
BRDA:15,0,1,0
BRDA:21,1,0,0
BRDA:21,1,1,0
BRF:4
BRH:0
end_of_record
TN:
SF:src\value-objects\index.ts
FNF:0
FNH:0
DA:2,1
DA:5,1
DA:6,1
DA:7,1
DA:8,1
DA:9,1
DA:10,1
LF:7
LH:7
BRF:0
BRH:0
end_of_record
TN:
SF:src\value-objects\pageContent.ts
FN:7,(anonymous_0)
FN:12,(anonymous_1)
FN:25,(anonymous_2)
FN:32,(anonymous_3)
FN:39,(anonymous_4)
FNF:5
FNH:0
FNDA:0,(anonymous_0)
FNDA:0,(anonymous_1)
FNDA:0,(anonymous_2)
FNDA:0,(anonymous_3)
FNDA:0,(anonymous_4)
DA:1,1
DA:6,1
DA:7,0
DA:13,0
DA:15,0
DA:16,0
DA:19,0
DA:26,0
DA:33,0
DA:40,0
LF:10
LH:2
BRDA:15,0,0,0
BRDA:15,0,1,0
BRDA:40,1,0,0
BRDA:40,1,1,0
BRF:4
BRH:0
end_of_record
TN:
SF:src\value-objects\pageTitle.ts
FN:7,(anonymous_0)
FN:12,(anonymous_1)
FN:29,(anonymous_2)
FN:36,(anonymous_3)
FN:43,(anonymous_4)
FNF:5
FNH:0
FNDA:0,(anonymous_0)
FNDA:0,(anonymous_1)
FNDA:0,(anonymous_2)
FNDA:0,(anonymous_3)
FNDA:0,(anonymous_4)
DA:1,1
DA:6,1
DA:7,0
DA:13,0
DA:15,0
DA:16,0
DA:19,0
DA:20,0
DA:23,0
DA:30,0
DA:37,0
DA:44,0
LF:12
LH:2
BRDA:15,0,0,0
BRDA:15,0,1,0
BRDA:19,1,0,0
BRDA:19,1,1,0
BRF:4
BRH:0
end_of_record
TN:
SF:src\value-objects\password.ts
FN:7,(anonymous_0)
FN:12,(anonymous_1)
FN:36,(anonymous_2)
FN:48,(anonymous_3)
FN:55,(anonymous_4)
FN:62,(anonymous_5)
FNF:6
FNH:0
FNDA:0,(anonymous_0)
FNDA:0,(anonymous_1)
FNDA:0,(anonymous_2)
FNDA:0,(anonymous_3)
FNDA:0,(anonymous_4)
FNDA:0,(anonymous_5)
DA:1,1
DA:6,1
DA:7,0
DA:13,0
DA:14,0
DA:17,0
DA:18,0
DA:22,0
DA:23,0
DA:24,0
DA:26,0
DA:27,0
DA:30,0
DA:37,0
DA:38,0
DA:41,0
DA:49,0
DA:56,0
DA:63,0
LF:19
LH:2
BRDA:13,0,0,0
BRDA:13,0,1,0
BRDA:17,1,0,0
BRDA:17,1,1,0
BRDA:26,2,0,0
BRDA:26,2,1,0
BRDA:26,3,0,0
BRDA:26,3,1,0
BRDA:26,3,2,0
BRDA:37,4,0,0
BRDA:37,4,1,0
BRF:11
BRH:0
end_of_record
TN:
SF:src\value-objects\result.ts
FN:11,(anonymous_0)
FN:18,(anonymous_1)
FN:24,ok
FN:31,err
FN:38,isOk
FN:45,isErr
FN:52,unwrap
FN:62,unwrapErr
FN:72,map
FN:79,mapErr
FNF:10
FNH:0
FNDA:0,(anonymous_0)
FNDA:0,(anonymous_1)
FNDA:0,ok
FNDA:0,err
FNDA:0,isOk
FNDA:0,isErr
FNDA:0,unwrap
FNDA:0,unwrapErr
FNDA:0,map
FNDA:0,mapErr
DA:7,1
DA:8,0
DA:11,0
DA:14,1
DA:15,0
DA:18,0
DA:24,1
DA:25,0
DA:31,1
DA:32,0
DA:38,1
DA:39,0
DA:45,1
DA:46,0
DA:52,1
DA:53,0
DA:54,0
DA:56,0
DA:62,1
DA:63,0
DA:64,0
DA:66,0
DA:72,1
DA:73,0
DA:79,1
DA:80,0
LF:26
LH:10
BRDA:53,0,0,0
BRDA:53,0,1,0
BRDA:63,1,0,0
BRDA:63,1,1,0
BRDA:73,2,0,0
BRDA:73,2,1,0
BRDA:80,3,0,0
BRDA:80,3,1,0
BRF:8
BRH:0
end_of_record
TN:
SF:src\value-objects\username.ts
FN:7,(anonymous_0)
FN:12,(anonymous_1)
FN:39,(anonymous_2)
FN:46,(anonymous_3)
FN:53,(anonymous_4)
FNF:5
FNH:0
FNDA:0,(anonymous_0)
FNDA:0,(anonymous_1)
FNDA:0,(anonymous_2)
FNDA:0,(anonymous_3)
FNDA:0,(anonymous_4)
DA:1,1
DA:6,1
DA:7,0
DA:13,0
DA:15,0
DA:16,0
DA:19,0
DA:20,0
DA:23,0
DA:24,0
DA:28,0
DA:29,0
DA:30,0
DA:33,0
DA:40,0
DA:47,0
DA:54,0
LF:17
LH:2
BRDA:15,0,0,0
BRDA:15,0,1,0
BRDA:19,1,0,0
BRDA:19,1,1,0
BRDA:23,2,0,0
BRDA:23,2,1,0
BRDA:29,3,0,0
BRDA:29,3,1,0
BRF:8
BRH:0
end_of_record
